<?xml version="1.0" encoding="UTF-8"?>
<!-- Generated by org.testng.reporters.JUnitReportReporter -->
<testsuite skipped="0" hostname="Cemils-MBP.fios-router.home" name="com.siliconelabs.qa.tests.LoginPageTest" tests="5" failures="0" timestamp="2021-03-08T14:54:32 EST" time="16.682" errors="0">
  <testcase name="invalidLoginTest" time="2.930" classname="com.siliconelabs.qa.tests.LoginPageTest"/>
  <system-out/>
  <testcase name="invalidLoginTest" time="3.195" classname="com.siliconelabs.qa.tests.LoginPageTest"/>
  <system-out/>
  <testcase name="invalidLoginTest" time="4.117" classname="com.siliconelabs.qa.tests.LoginPageTest"/>
  <system-out/>
  <testcase name="invalidLoginTest" time="3.246" classname="com.siliconelabs.qa.tests.LoginPageTest"/>
  <system-out/>
  <testcase name="invalidLoginTest" time="3.194" classname="com.siliconelabs.qa.tests.LoginPageTest"/>
  <system-out/>
</testsuite> <!-- com.siliconelabs.qa.tests.LoginPageTest -->
